  main.cpp
D:\c++_study\StockGame\StockGame\Stock.h(25,15): warning C4244: '-=': 'int64_t'에서 'int'(으)로 변환하면서 데이터가 손실될 수 있습니다.
  (소스 파일 'main.cpp'을(를) 컴파일하는 중)
  
D:\c++_study\StockGame\StockGame\Stock.h(42,15): warning C4244: '+=': 'int64_t'에서 'int'(으)로 변환하면서 데이터가 손실될 수 있습니다.
  (소스 파일 'main.cpp'을(를) 컴파일하는 중)
  
D:\c++_study\StockGame\StockGame\main.cpp(199,12): warning C4244: '인수': 'time_t'에서 'unsigned int'(으)로 변환하면서 데이터가 손실될 수 있습니다.
D:\c++_study\StockGame\StockGame\main.cpp(218,11): warning C4244: '초기화 중': 'const _Ty'에서 'int'(으)로 변환하면서 데이터가 손실될 수 있습니다.
D:\c++_study\StockGame\StockGame\main.cpp(218,11): warning C4244:         with
D:\c++_study\StockGame\StockGame\main.cpp(218,11): warning C4244:         [
D:\c++_study\StockGame\StockGame\main.cpp(218,11): warning C4244:             _Ty=float
D:\c++_study\StockGame\StockGame\main.cpp(218,11): warning C4244:         ]
D:\c++_study\StockGame\StockGame\main.cpp(219,11): warning C4244: '초기화 중': 'const _Ty'에서 'int'(으)로 변환하면서 데이터가 손실될 수 있습니다.
D:\c++_study\StockGame\StockGame\main.cpp(219,11): warning C4244:         with
D:\c++_study\StockGame\StockGame\main.cpp(219,11): warning C4244:         [
D:\c++_study\StockGame\StockGame\main.cpp(219,11): warning C4244:             _Ty=float
D:\c++_study\StockGame\StockGame\main.cpp(219,11): warning C4244:         ]
D:\c++_study\StockGame\StockGame\main.cpp(222,19): warning C4244: '*=': 'float'에서 'int64_t'(으)로 변환하면서 데이터가 손실될 수 있습니다.
D:\c++_study\StockGame\StockGame\main.cpp(231,11): warning C4244: '초기화 중': 'const _Ty'에서 'int'(으)로 변환하면서 데이터가 손실될 수 있습니다.
D:\c++_study\StockGame\StockGame\main.cpp(231,11): warning C4244:         with
D:\c++_study\StockGame\StockGame\main.cpp(231,11): warning C4244:         [
D:\c++_study\StockGame\StockGame\main.cpp(231,11): warning C4244:             _Ty=float
D:\c++_study\StockGame\StockGame\main.cpp(231,11): warning C4244:         ]
D:\c++_study\StockGame\StockGame\main.cpp(232,11): warning C4244: '초기화 중': 'const _Ty'에서 'int'(으)로 변환하면서 데이터가 손실될 수 있습니다.
D:\c++_study\StockGame\StockGame\main.cpp(232,11): warning C4244:         with
D:\c++_study\StockGame\StockGame\main.cpp(232,11): warning C4244:         [
D:\c++_study\StockGame\StockGame\main.cpp(232,11): warning C4244:             _Ty=float
D:\c++_study\StockGame\StockGame\main.cpp(232,11): warning C4244:         ]
D:\c++_study\StockGame\StockGame\main.cpp(234,19): warning C4244: '*=': 'float'에서 'int64_t'(으)로 변환하면서 데이터가 손실될 수 있습니다.
D:\c++_study\StockGame\StockGame\main.cpp(247,11): warning C4244: '초기화 중': 'const _Ty'에서 'int'(으)로 변환하면서 데이터가 손실될 수 있습니다.
D:\c++_study\StockGame\StockGame\main.cpp(247,11): warning C4244:         with
D:\c++_study\StockGame\StockGame\main.cpp(247,11): warning C4244:         [
D:\c++_study\StockGame\StockGame\main.cpp(247,11): warning C4244:             _Ty=float
D:\c++_study\StockGame\StockGame\main.cpp(247,11): warning C4244:         ]
D:\c++_study\StockGame\StockGame\main.cpp(248,11): warning C4244: '초기화 중': 'const _Ty'에서 'int'(으)로 변환하면서 데이터가 손실될 수 있습니다.
D:\c++_study\StockGame\StockGame\main.cpp(248,11): warning C4244:         with
D:\c++_study\StockGame\StockGame\main.cpp(248,11): warning C4244:         [
D:\c++_study\StockGame\StockGame\main.cpp(248,11): warning C4244:             _Ty=float
D:\c++_study\StockGame\StockGame\main.cpp(248,11): warning C4244:         ]
D:\c++_study\StockGame\StockGame\main.cpp(251,19): warning C4244: '*=': 'float'에서 'int64_t'(으)로 변환하면서 데이터가 손실될 수 있습니다.
D:\c++_study\StockGame\StockGame\main.cpp(260,11): warning C4244: '초기화 중': 'const _Ty'에서 'int'(으)로 변환하면서 데이터가 손실될 수 있습니다.
D:\c++_study\StockGame\StockGame\main.cpp(260,11): warning C4244:         with
D:\c++_study\StockGame\StockGame\main.cpp(260,11): warning C4244:         [
D:\c++_study\StockGame\StockGame\main.cpp(260,11): warning C4244:             _Ty=float
D:\c++_study\StockGame\StockGame\main.cpp(260,11): warning C4244:         ]
D:\c++_study\StockGame\StockGame\main.cpp(261,11): warning C4244: '초기화 중': 'const _Ty'에서 'int'(으)로 변환하면서 데이터가 손실될 수 있습니다.
D:\c++_study\StockGame\StockGame\main.cpp(261,11): warning C4244:         with
D:\c++_study\StockGame\StockGame\main.cpp(261,11): warning C4244:         [
D:\c++_study\StockGame\StockGame\main.cpp(261,11): warning C4244:             _Ty=float
D:\c++_study\StockGame\StockGame\main.cpp(261,11): warning C4244:         ]
D:\c++_study\StockGame\StockGame\main.cpp(263,19): warning C4244: '*=': 'float'에서 'int64_t'(으)로 변환하면서 데이터가 손실될 수 있습니다.
D:\c++_study\StockGame\StockGame\main.cpp(276,11): warning C4244: '초기화 중': 'const _Ty'에서 'int'(으)로 변환하면서 데이터가 손실될 수 있습니다.
D:\c++_study\StockGame\StockGame\main.cpp(276,11): warning C4244:         with
D:\c++_study\StockGame\StockGame\main.cpp(276,11): warning C4244:         [
D:\c++_study\StockGame\StockGame\main.cpp(276,11): warning C4244:             _Ty=float
D:\c++_study\StockGame\StockGame\main.cpp(276,11): warning C4244:         ]
D:\c++_study\StockGame\StockGame\main.cpp(277,11): warning C4244: '초기화 중': 'const _Ty'에서 'int'(으)로 변환하면서 데이터가 손실될 수 있습니다.
D:\c++_study\StockGame\StockGame\main.cpp(277,11): warning C4244:         with
D:\c++_study\StockGame\StockGame\main.cpp(277,11): warning C4244:         [
D:\c++_study\StockGame\StockGame\main.cpp(277,11): warning C4244:             _Ty=float
D:\c++_study\StockGame\StockGame\main.cpp(277,11): warning C4244:         ]
D:\c++_study\StockGame\StockGame\main.cpp(280,19): warning C4244: '*=': 'float'에서 'int64_t'(으)로 변환하면서 데이터가 손실될 수 있습니다.
D:\c++_study\StockGame\StockGame\main.cpp(289,11): warning C4244: '초기화 중': 'const _Ty'에서 'int'(으)로 변환하면서 데이터가 손실될 수 있습니다.
D:\c++_study\StockGame\StockGame\main.cpp(289,11): warning C4244:         with
D:\c++_study\StockGame\StockGame\main.cpp(289,11): warning C4244:         [
D:\c++_study\StockGame\StockGame\main.cpp(289,11): warning C4244:             _Ty=float
D:\c++_study\StockGame\StockGame\main.cpp(289,11): warning C4244:         ]
D:\c++_study\StockGame\StockGame\main.cpp(290,11): warning C4244: '초기화 중': 'const _Ty'에서 'int'(으)로 변환하면서 데이터가 손실될 수 있습니다.
D:\c++_study\StockGame\StockGame\main.cpp(290,11): warning C4244:         with
D:\c++_study\StockGame\StockGame\main.cpp(290,11): warning C4244:         [
D:\c++_study\StockGame\StockGame\main.cpp(290,11): warning C4244:             _Ty=float
D:\c++_study\StockGame\StockGame\main.cpp(290,11): warning C4244:         ]
D:\c++_study\StockGame\StockGame\main.cpp(292,19): warning C4244: '*=': 'float'에서 'int64_t'(으)로 변환하면서 데이터가 손실될 수 있습니다.
D:\c++_study\StockGame\StockGame\main.cpp(304,11): warning C4244: '초기화 중': 'const _Ty'에서 'int'(으)로 변환하면서 데이터가 손실될 수 있습니다.
D:\c++_study\StockGame\StockGame\main.cpp(304,11): warning C4244:         with
D:\c++_study\StockGame\StockGame\main.cpp(304,11): warning C4244:         [
D:\c++_study\StockGame\StockGame\main.cpp(304,11): warning C4244:             _Ty=float
D:\c++_study\StockGame\StockGame\main.cpp(304,11): warning C4244:         ]
D:\c++_study\StockGame\StockGame\main.cpp(305,11): warning C4244: '초기화 중': 'const _Ty'에서 'int'(으)로 변환하면서 데이터가 손실될 수 있습니다.
D:\c++_study\StockGame\StockGame\main.cpp(305,11): warning C4244:         with
D:\c++_study\StockGame\StockGame\main.cpp(305,11): warning C4244:         [
D:\c++_study\StockGame\StockGame\main.cpp(305,11): warning C4244:             _Ty=float
D:\c++_study\StockGame\StockGame\main.cpp(305,11): warning C4244:         ]
D:\c++_study\StockGame\StockGame\main.cpp(308,19): warning C4244: '*=': 'float'에서 'int64_t'(으)로 변환하면서 데이터가 손실될 수 있습니다.
D:\c++_study\StockGame\StockGame\main.cpp(317,11): warning C4244: '초기화 중': 'const _Ty'에서 'int'(으)로 변환하면서 데이터가 손실될 수 있습니다.
D:\c++_study\StockGame\StockGame\main.cpp(317,11): warning C4244:         with
D:\c++_study\StockGame\StockGame\main.cpp(317,11): warning C4244:         [
D:\c++_study\StockGame\StockGame\main.cpp(317,11): warning C4244:             _Ty=float
D:\c++_study\StockGame\StockGame\main.cpp(317,11): warning C4244:         ]
D:\c++_study\StockGame\StockGame\main.cpp(318,11): warning C4244: '초기화 중': 'const _Ty'에서 'int'(으)로 변환하면서 데이터가 손실될 수 있습니다.
D:\c++_study\StockGame\StockGame\main.cpp(318,11): warning C4244:         with
D:\c++_study\StockGame\StockGame\main.cpp(318,11): warning C4244:         [
D:\c++_study\StockGame\StockGame\main.cpp(318,11): warning C4244:             _Ty=float
D:\c++_study\StockGame\StockGame\main.cpp(318,11): warning C4244:         ]
D:\c++_study\StockGame\StockGame\main.cpp(320,19): warning C4244: '*=': 'float'에서 'int64_t'(으)로 변환하면서 데이터가 손실될 수 있습니다.
D:\c++_study\StockGame\StockGame\main.cpp(331,11): warning C4244: '초기화 중': 'const _Ty'에서 'int'(으)로 변환하면서 데이터가 손실될 수 있습니다.
D:\c++_study\StockGame\StockGame\main.cpp(331,11): warning C4244:         with
D:\c++_study\StockGame\StockGame\main.cpp(331,11): warning C4244:         [
D:\c++_study\StockGame\StockGame\main.cpp(331,11): warning C4244:             _Ty=float
D:\c++_study\StockGame\StockGame\main.cpp(331,11): warning C4244:         ]
D:\c++_study\StockGame\StockGame\main.cpp(332,11): warning C4244: '초기화 중': 'const _Ty'에서 'int'(으)로 변환하면서 데이터가 손실될 수 있습니다.
D:\c++_study\StockGame\StockGame\main.cpp(332,11): warning C4244:         with
D:\c++_study\StockGame\StockGame\main.cpp(332,11): warning C4244:         [
D:\c++_study\StockGame\StockGame\main.cpp(332,11): warning C4244:             _Ty=float
D:\c++_study\StockGame\StockGame\main.cpp(332,11): warning C4244:         ]
D:\c++_study\StockGame\StockGame\main.cpp(335,19): warning C4244: '*=': 'float'에서 'int64_t'(으)로 변환하면서 데이터가 손실될 수 있습니다.
D:\c++_study\StockGame\StockGame\main.cpp(344,11): warning C4244: '초기화 중': 'const _Ty'에서 'int'(으)로 변환하면서 데이터가 손실될 수 있습니다.
D:\c++_study\StockGame\StockGame\main.cpp(344,11): warning C4244:         with
D:\c++_study\StockGame\StockGame\main.cpp(344,11): warning C4244:         [
D:\c++_study\StockGame\StockGame\main.cpp(344,11): warning C4244:             _Ty=float
D:\c++_study\StockGame\StockGame\main.cpp(344,11): warning C4244:         ]
D:\c++_study\StockGame\StockGame\main.cpp(345,11): warning C4244: '초기화 중': 'const _Ty'에서 'int'(으)로 변환하면서 데이터가 손실될 수 있습니다.
D:\c++_study\StockGame\StockGame\main.cpp(345,11): warning C4244:         with
D:\c++_study\StockGame\StockGame\main.cpp(345,11): warning C4244:         [
D:\c++_study\StockGame\StockGame\main.cpp(345,11): warning C4244:             _Ty=float
D:\c++_study\StockGame\StockGame\main.cpp(345,11): warning C4244:         ]
D:\c++_study\StockGame\StockGame\main.cpp(347,19): warning C4244: '*=': 'float'에서 'int64_t'(으)로 변환하면서 데이터가 손실될 수 있습니다.
D:\c++_study\StockGame\StockGame\main.cpp(377,12): warning C4244: '인수': 'time_t'에서 'unsigned int'(으)로 변환하면서 데이터가 손실될 수 있습니다.
  StockGame.vcxproj -> D:\c++_study\StockGame\x64\Debug\StockGame.exe
